2012-11-24 11:30:09,092 - Loaded System Directive: org.apache.velocity.runtime.directive.Include
2012-11-24 11:30:09,094 - Loaded System Directive: org.apache.velocity.runtime.directive.Foreach
2012-11-24 11:30:09,144 - Created: 20 parsers.
2012-11-24 11:30:09,161 - Velocimacro : initialization starting.
2012-11-24 11:30:09,161 - Velocimacro : adding VMs from VM library template : VM_global_library.vm
2012-11-24 11:30:09,182 - ResourceManager : unable to find resource 'VM_global_library.vm' in any resource loader.
2012-11-24 11:30:09,182 - Velocimacro : error using  VM library template VM_global_library.vm : org.apache.velocity.exception.ResourceNotFoundException: Unable to find resource 'VM_global_library.vm'
2012-11-24 11:30:09,182 - Velocimacro :  VM library template macro registration complete.
2012-11-24 11:30:09,182 - Velocimacro : allowInline = true : VMs can be defined inline in templates
2012-11-24 11:30:09,182 - Velocimacro : allowInlineToOverride = false : VMs defined inline may NOT replace previous VM definitions
2012-11-24 11:30:09,182 - Velocimacro : allowInlineLocal = false : VMs defined inline will be  global in scope if allowed.
2012-11-24 11:30:09,182 - Velocimacro : messages on  : VM system will output logging messages
2012-11-24 11:30:09,182 - Velocimacro : autoload off  : VM system will not automatically reload global library macros
2012-11-24 11:30:09,182 - Velocimacro : initialization complete.
2012-11-24 11:30:09,182 - Velocity successfully started.
2012-11-24 11:32:07,339 - SimpleLog4JLogSystem initialized using logfile 'velocity.log'
2012-11-24 11:32:07,339 - ************************************************************** 
2012-11-24 11:32:07,339 - Starting Jakarta Velocity v1.4
2012-11-24 11:32:07,339 - RuntimeInstance initializing.
2012-11-24 11:32:07,339 - Default Properties File: org\apache\velocity\runtime\defaults\velocity.properties
2012-11-24 11:32:07,340 - Trying to use logger class org.apache.velocity.runtime.log.SimpleLog4JLogSystem
2012-11-24 11:32:07,340 - Using logger class org.apache.velocity.runtime.log.SimpleLog4JLogSystem
2012-11-24 11:32:07,345 - Default ResourceManager initializing. (class org.apache.velocity.runtime.resource.ResourceManagerImpl)
2012-11-24 11:32:07,349 - Resource Loader Instantiated: org.apache.velocity.runtime.resource.loader.ClasspathResourceLoader
2012-11-24 11:32:07,349 - ClasspathResourceLoader : initialization starting.
2012-11-24 11:32:07,349 - ClasspathResourceLoader : initialization complete.
2012-11-24 11:32:07,352 - ResourceCache : initialized. (class org.apache.velocity.runtime.resource.ResourceCacheImpl)
2012-11-24 11:32:07,352 - Default ResourceManager initialization complete.
2012-11-24 11:32:07,355 - Loaded System Directive: org.apache.velocity.runtime.directive.Literal
2012-11-24 11:32:07,357 - Loaded System Directive: org.apache.velocity.runtime.directive.Macro
2012-11-24 11:32:07,364 - Loaded System Directive: org.apache.velocity.runtime.directive.Parse
2012-11-24 11:32:07,367 - Loaded System Directive: org.apache.velocity.runtime.directive.Include
2012-11-24 11:32:07,368 - Loaded System Directive: org.apache.velocity.runtime.directive.Foreach
2012-11-24 11:32:07,412 - Created: 20 parsers.
2012-11-24 11:32:07,427 - Velocimacro : initialization starting.
2012-11-24 11:32:07,428 - Velocimacro : adding VMs from VM library template : VM_global_library.vm
2012-11-24 11:32:07,436 - ResourceManager : unable to find resource 'VM_global_library.vm' in any resource loader.
2012-11-24 11:32:07,436 - Velocimacro : error using  VM library template VM_global_library.vm : org.apache.velocity.exception.ResourceNotFoundException: Unable to find resource 'VM_global_library.vm'
2012-11-24 11:32:07,436 - Velocimacro :  VM library template macro registration complete.
2012-11-24 11:32:07,436 - Velocimacro : allowInline = true : VMs can be defined inline in templates
2012-11-24 11:32:07,436 - Velocimacro : allowInlineToOverride = false : VMs defined inline may NOT replace previous VM definitions
2012-11-24 11:32:07,436 - Velocimacro : allowInlineLocal = false : VMs defined inline will be  global in scope if allowed.
2012-11-24 11:32:07,436 - Velocimacro : messages on  : VM system will output logging messages
2012-11-24 11:32:07,436 - Velocimacro : autoload off  : VM system will not automatically reload global library macros
2012-11-24 11:32:07,436 - Velocimacro : initialization complete.
2012-11-24 11:32:07,436 - Velocity successfully started.
2012-11-24 11:56:22,930 - SimpleLog4JLogSystem initialized using logfile 'velocity.log'
2012-11-24 11:56:22,930 - ************************************************************** 
2012-11-24 11:56:22,930 - Starting Jakarta Velocity v1.4
2012-11-24 11:56:22,930 - RuntimeInstance initializing.
2012-11-24 11:56:22,930 - Default Properties File: org\apache\velocity\runtime\defaults\velocity.properties
2012-11-24 11:56:22,930 - Trying to use logger class org.apache.velocity.runtime.log.SimpleLog4JLogSystem
2012-11-24 11:56:22,930 - Using logger class org.apache.velocity.runtime.log.SimpleLog4JLogSystem
2012-11-24 11:56:22,935 - Default ResourceManager initializing. (class org.apache.velocity.runtime.resource.ResourceManagerImpl)
2012-11-24 11:56:22,939 - Resource Loader Instantiated: org.apache.velocity.runtime.resource.loader.ClasspathResourceLoader
2012-11-24 11:56:22,939 - ClasspathResourceLoader : initialization starting.
2012-11-24 11:56:22,940 - ClasspathResourceLoader : initialization complete.
2012-11-24 11:56:22,942 - ResourceCache : initialized. (class org.apache.velocity.runtime.resource.ResourceCacheImpl)
2012-11-24 11:56:22,942 - Default ResourceManager initialization complete.
2012-11-24 11:56:22,945 - Loaded System Directive: org.apache.velocity.runtime.directive.Literal
2012-11-24 11:56:22,948 - Loaded System Directive: org.apache.velocity.runtime.directive.Macro
2012-11-24 11:56:22,954 - Loaded System Directive: org.apache.velocity.runtime.directive.Parse
2012-11-24 11:56:22,957 - Loaded System Directive: org.apache.velocity.runtime.directive.Include
2012-11-24 11:56:22,959 - Loaded System Directive: org.apache.velocity.runtime.directive.Foreach
2012-11-24 11:56:23,002 - Created: 20 parsers.
2012-11-24 11:56:23,019 - Velocimacro : initialization starting.
2012-11-24 11:56:23,019 - Velocimacro : adding VMs from VM library template : VM_global_library.vm
2012-11-24 11:56:23,028 - ResourceManager : unable to find resource 'VM_global_library.vm' in any resource loader.
2012-11-24 11:56:23,028 - Velocimacro : error using  VM library template VM_global_library.vm : org.apache.velocity.exception.ResourceNotFoundException: Unable to find resource 'VM_global_library.vm'
2012-11-24 11:56:23,028 - Velocimacro :  VM library template macro registration complete.
2012-11-24 11:56:23,028 - Velocimacro : allowInline = true : VMs can be defined inline in templates
2012-11-24 11:56:23,028 - Velocimacro : allowInlineToOverride = false : VMs defined inline may NOT replace previous VM definitions
2012-11-24 11:56:23,028 - Velocimacro : allowInlineLocal = false : VMs defined inline will be  global in scope if allowed.
2012-11-24 11:56:23,028 - Velocimacro : messages on  : VM system will output logging messages
2012-11-24 11:56:23,028 - Velocimacro : autoload off  : VM system will not automatically reload global library macros
2012-11-24 11:56:23,028 - Velocimacro : initialization complete.
2012-11-24 11:56:23,028 - Velocity successfully started.
2012-11-24 11:59:48,381 - SimpleLog4JLogSystem initialized using logfile 'velocity.log'
2012-11-24 11:59:48,381 - ************************************************************** 
2012-11-24 11:59:48,381 - Starting Jakarta Velocity v1.4
2012-11-24 11:59:48,381 - RuntimeInstance initializing.
2012-11-24 11:59:48,381 - Default Properties File: org\apache\velocity\runtime\defaults\velocity.properties
2012-11-24 11:59:48,381 - Trying to use logger class org.apache.velocity.runtime.log.SimpleLog4JLogSystem
2012-11-24 11:59:48,381 - Using logger class org.apache.velocity.runtime.log.SimpleLog4JLogSystem
2012-11-24 11:59:48,386 - Default ResourceManager initializing. (class org.apache.velocity.runtime.resource.ResourceManagerImpl)
2012-11-24 11:59:48,391 - Resource Loader Instantiated: org.apache.velocity.runtime.resource.loader.ClasspathResourceLoader
2012-11-24 11:59:48,391 - ClasspathResourceLoader : initialization starting.
2012-11-24 11:59:48,391 - ClasspathResourceLoader : initialization complete.
2012-11-24 11:59:48,393 - ResourceCache : initialized. (class org.apache.velocity.runtime.resource.ResourceCacheImpl)
2012-11-24 11:59:48,394 - Default ResourceManager initialization complete.
2012-11-24 11:59:48,396 - Loaded System Directive: org.apache.velocity.runtime.directive.Literal
2012-11-24 11:59:48,399 - Loaded System Directive: org.apache.velocity.runtime.directive.Macro
2012-11-24 11:59:48,406 - Loaded System Directive: org.apache.velocity.runtime.directive.Parse
2012-11-24 11:59:48,409 - Loaded System Directive: org.apache.velocity.runtime.directive.Include
2012-11-24 11:59:48,410 - Loaded System Directive: org.apache.velocity.runtime.directive.Foreach
2012-11-24 11:59:48,454 - Created: 20 parsers.
2012-11-24 11:59:48,470 - Velocimacro : initialization starting.
2012-11-24 11:59:48,470 - Velocimacro : adding VMs from VM library template : VM_global_library.vm
2012-11-24 11:59:48,478 - ResourceManager : unable to find resource 'VM_global_library.vm' in any resource loader.
2012-11-24 11:59:48,478 - Velocimacro : error using  VM library template VM_global_library.vm : org.apache.velocity.exception.ResourceNotFoundException: Unable to find resource 'VM_global_library.vm'
2012-11-24 11:59:48,479 - Velocimacro :  VM library template macro registration complete.
2012-11-24 11:59:48,479 - Velocimacro : allowInline = true : VMs can be defined inline in templates
2012-11-24 11:59:48,479 - Velocimacro : allowInlineToOverride = false : VMs defined inline may NOT replace previous VM definitions
2012-11-24 11:59:48,479 - Velocimacro : allowInlineLocal = false : VMs defined inline will be  global in scope if allowed.
2012-11-24 11:59:48,479 - Velocimacro : messages on  : VM system will output logging messages
2012-11-24 11:59:48,479 - Velocimacro : autoload off  : VM system will not automatically reload global library macros
2012-11-24 11:59:48,479 - Velocimacro : initialization complete.
2012-11-24 11:59:48,479 - Velocity successfully started.
2012-11-24 12:06:24,745 - SimpleLog4JLogSystem initialized using logfile 'velocity.log'
2012-11-24 12:06:24,746 - ************************************************************** 
2012-11-24 12:06:24,746 - Starting Jakarta Velocity v1.4
2012-11-24 12:06:24,746 - RuntimeInstance initializing.
2012-11-24 12:06:24,746 - Default Properties File: org\apache\velocity\runtime\defaults\velocity.properties
2012-11-24 12:06:24,746 - Trying to use logger class org.apache.velocity.runtime.log.SimpleLog4JLogSystem
2012-11-24 12:06:24,746 - Using logger class org.apache.velocity.runtime.log.SimpleLog4JLogSystem
2012-11-24 12:06:24,753 - Default ResourceManager initializing. (class org.apache.velocity.runtime.resource.ResourceManagerImpl)
2012-11-24 12:06:24,759 - Resource Loader Instantiated: org.apache.velocity.runtime.resource.loader.ClasspathResourceLoader
2012-11-24 12:06:24,760 - ClasspathResourceLoader : initialization starting.
2012-11-24 12:06:24,760 - ClasspathResourceLoader : initialization complete.
2012-11-24 12:06:24,763 - ResourceCache : initialized. (class org.apache.velocity.runtime.resource.ResourceCacheImpl)
2012-11-24 12:06:24,764 - Default ResourceManager initialization complete.
2012-11-24 12:06:24,767 - Loaded System Directive: org.apache.velocity.runtime.directive.Literal
2012-11-24 12:06:24,771 - Loaded System Directive: org.apache.velocity.runtime.directive.Macro
2012-11-24 12:06:24,779 - Loaded System Directive: org.apache.velocity.runtime.directive.Parse
2012-11-24 12:06:24,784 - Loaded System Directive: org.apache.velocity.runtime.directive.Include
2012-11-24 12:06:24,786 - Loaded System Directive: org.apache.velocity.runtime.directive.Foreach
2012-11-24 12:06:24,840 - Created: 20 parsers.
2012-11-24 12:06:24,855 - Velocimacro : initialization starting.
2012-11-24 12:06:24,855 - Velocimacro : adding VMs from VM library template : VM_global_library.vm
2012-11-24 12:06:24,863 - ResourceManager : unable to find resource 'VM_global_library.vm' in any resource loader.
2012-11-24 12:06:24,863 - Velocimacro : error using  VM library template VM_global_library.vm : org.apache.velocity.exception.ResourceNotFoundException: Unable to find resource 'VM_global_library.vm'
2012-11-24 12:06:24,863 - Velocimacro :  VM library template macro registration complete.
2012-11-24 12:06:24,864 - Velocimacro : allowInline = true : VMs can be defined inline in templates
2012-11-24 12:06:24,864 - Velocimacro : allowInlineToOverride = false : VMs defined inline may NOT replace previous VM definitions
2012-11-24 12:06:24,864 - Velocimacro : allowInlineLocal = false : VMs defined inline will be  global in scope if allowed.
2012-11-24 12:06:24,864 - Velocimacro : messages on  : VM system will output logging messages
2012-11-24 12:06:24,864 - Velocimacro : autoload off  : VM system will not automatically reload global library macros
2012-11-24 12:06:24,864 - Velocimacro : initialization complete.
2012-11-24 12:06:24,864 - Velocity successfully started.
2012-11-24 12:08:40,924 - SimpleLog4JLogSystem initialized using logfile 'velocity.log'
2012-11-24 12:08:40,925 - ************************************************************** 
2012-11-24 12:08:40,925 - Starting Jakarta Velocity v1.4
2012-11-24 12:08:40,925 - RuntimeInstance initializing.
2012-11-24 12:08:40,925 - Default Properties File: org\apache\velocity\runtime\defaults\velocity.properties
2012-11-24 12:08:40,925 - Trying to use logger class org.apache.velocity.runtime.log.SimpleLog4JLogSystem
2012-11-24 12:08:40,925 - Using logger class org.apache.velocity.runtime.log.SimpleLog4JLogSystem
2012-11-24 12:08:40,932 - Default ResourceManager initializing. (class org.apache.velocity.runtime.resource.ResourceManagerImpl)
2012-11-24 12:08:40,936 - Resource Loader Instantiated: org.apache.velocity.runtime.resource.loader.ClasspathResourceLoader
2012-11-24 12:08:40,936 - ClasspathResourceLoader : initialization starting.
2012-11-24 12:08:40,936 - ClasspathResourceLoader : initialization complete.
2012-11-24 12:08:40,939 - ResourceCache : initialized. (class org.apache.velocity.runtime.resource.ResourceCacheImpl)
2012-11-24 12:08:40,939 - Default ResourceManager initialization complete.
2012-11-24 12:08:40,942 - Loaded System Directive: org.apache.velocity.runtime.directive.Literal
2012-11-24 12:08:40,945 - Loaded System Directive: org.apache.velocity.runtime.directive.Macro
2012-11-24 12:08:40,949 - Loaded System Directive: org.apache.velocity.runtime.directive.Parse
2012-11-24 12:08:40,954 - Loaded System Directive: org.apache.velocity.runtime.directive.Include
2012-11-24 12:08:40,956 - Loaded System Directive: org.apache.velocity.runtime.directive.Foreach
2012-11-24 12:08:41,002 - Created: 20 parsers.
2012-11-24 12:08:41,018 - Velocimacro : initialization starting.
2012-11-24 12:08:41,018 - Velocimacro : adding VMs from VM library template : VM_global_library.vm
2012-11-24 12:08:41,026 - ResourceManager : unable to find resource 'VM_global_library.vm' in any resource loader.
2012-11-24 12:08:41,026 - Velocimacro : error using  VM library template VM_global_library.vm : org.apache.velocity.exception.ResourceNotFoundException: Unable to find resource 'VM_global_library.vm'
2012-11-24 12:08:41,026 - Velocimacro :  VM library template macro registration complete.
2012-11-24 12:08:41,026 - Velocimacro : allowInline = true : VMs can be defined inline in templates
2012-11-24 12:08:41,027 - Velocimacro : allowInlineToOverride = false : VMs defined inline may NOT replace previous VM definitions
2012-11-24 12:08:41,027 - Velocimacro : allowInlineLocal = false : VMs defined inline will be  global in scope if allowed.
2012-11-24 12:08:41,027 - Velocimacro : messages on  : VM system will output logging messages
2012-11-24 12:08:41,027 - Velocimacro : autoload off  : VM system will not automatically reload global library macros
2012-11-24 12:08:41,027 - Velocimacro : initialization complete.
2012-11-24 12:08:41,027 - Velocity successfully started.
2012-11-24 18:44:52,606 - SimpleLog4JLogSystem initialized using logfile 'velocity.log'
2012-11-24 18:44:52,606 - ************************************************************** 
2012-11-24 18:44:52,606 - Starting Jakarta Velocity v1.4
2012-11-24 18:44:52,606 - RuntimeInstance initializing.
2012-11-24 18:44:52,606 - Default Properties File: org\apache\velocity\runtime\defaults\velocity.properties
2012-11-24 18:44:52,606 - Trying to use logger class org.apache.velocity.runtime.log.SimpleLog4JLogSystem
2012-11-24 18:44:52,606 - Using logger class org.apache.velocity.runtime.log.SimpleLog4JLogSystem
2012-11-24 18:44:52,612 - Default ResourceManager initializing. (class org.apache.velocity.runtime.resource.ResourceManagerImpl)
2012-11-24 18:44:52,616 - Resource Loader Instantiated: org.apache.velocity.runtime.resource.loader.ClasspathResourceLoader
2012-11-24 18:44:52,616 - ClasspathResourceLoader : initialization starting.
2012-11-24 18:44:52,616 - ClasspathResourceLoader : initialization complete.
2012-11-24 18:44:52,619 - ResourceCache : initialized. (class org.apache.velocity.runtime.resource.ResourceCacheImpl)
2012-11-24 18:44:52,619 - Default ResourceManager initialization complete.
2012-11-24 18:44:52,621 - Loaded System Directive: org.apache.velocity.runtime.directive.Literal
2012-11-24 18:44:52,624 - Loaded System Directive: org.apache.velocity.runtime.directive.Macro
2012-11-24 18:44:52,628 - Loaded System Directive: org.apache.velocity.runtime.directive.Parse
2012-11-24 18:44:52,632 - Loaded System Directive: org.apache.velocity.runtime.directive.Include
2012-11-24 18:44:52,633 - Loaded System Directive: org.apache.velocity.runtime.directive.Foreach
2012-11-24 18:44:52,670 - Created: 20 parsers.
2012-11-24 18:44:52,684 - Velocimacro : initialization starting.
2012-11-24 18:44:52,684 - Velocimacro : adding VMs from VM library template : VM_global_library.vm
2012-11-24 18:44:52,692 - ResourceManager : unable to find resource 'VM_global_library.vm' in any resource loader.
2012-11-24 18:44:52,692 - Velocimacro : error using  VM library template VM_global_library.vm : org.apache.velocity.exception.ResourceNotFoundException: Unable to find resource 'VM_global_library.vm'
2012-11-24 18:44:52,692 - Velocimacro :  VM library template macro registration complete.
2012-11-24 18:44:52,692 - Velocimacro : allowInline = true : VMs can be defined inline in templates
2012-11-24 18:44:52,692 - Velocimacro : allowInlineToOverride = false : VMs defined inline may NOT replace previous VM definitions
2012-11-24 18:44:52,692 - Velocimacro : allowInlineLocal = false : VMs defined inline will be  global in scope if allowed.
2012-11-24 18:44:52,692 - Velocimacro : messages on  : VM system will output logging messages
2012-11-24 18:44:52,693 - Velocimacro : autoload off  : VM system will not automatically reload global library macros
2012-11-24 18:44:52,693 - Velocimacro : initialization complete.
2012-11-24 18:44:52,693 - Velocity successfully started.
2012-11-24 18:45:56,197 - SimpleLog4JLogSystem initialized using logfile 'velocity.log'
2012-11-24 18:45:56,197 - ************************************************************** 
2012-11-24 18:45:56,197 - Starting Jakarta Velocity v1.4
2012-11-24 18:45:56,198 - RuntimeInstance initializing.
2012-11-24 18:45:56,198 - Default Properties File: org\apache\velocity\runtime\defaults\velocity.properties
2012-11-24 18:45:56,198 - Trying to use logger class org.apache.velocity.runtime.log.SimpleLog4JLogSystem
2012-11-24 18:45:56,198 - Using logger class org.apache.velocity.runtime.log.SimpleLog4JLogSystem
2012-11-24 18:45:56,204 - Default ResourceManager initializing. (class org.apache.velocity.runtime.resource.ResourceManagerImpl)
2012-11-24 18:45:56,207 - Resource Loader Instantiated: org.apache.velocity.runtime.resource.loader.ClasspathResourceLoader
2012-11-24 18:45:56,208 - ClasspathResourceLoader : initialization starting.
2012-11-24 18:45:56,208 - ClasspathResourceLoader : initialization complete.
2012-11-24 18:45:56,210 - ResourceCache : initialized. (class org.apache.velocity.runtime.resource.ResourceCacheImpl)
2012-11-24 18:45:56,210 - Default ResourceManager initialization complete.
2012-11-24 18:45:56,212 - Loaded System Directive: org.apache.velocity.runtime.directive.Literal
2012-11-24 18:45:56,215 - Loaded System Directive: org.apache.velocity.runtime.directive.Macro
2012-11-24 18:45:56,219 - Loaded System Directive: org.apache.velocity.runtime.directive.Parse
2012-11-24 18:45:56,223 - Loaded System Directive: org.apache.velocity.runtime.directive.Include
2012-11-24 18:45:56,225 - Loaded System Directive: org.apache.velocity.runtime.directive.Foreach
2012-11-24 18:45:56,261 - Created: 20 parsers.
2012-11-24 18:45:56,275 - Velocimacro : initialization starting.
2012-11-24 18:45:56,275 - Velocimacro : adding VMs from VM library template : VM_global_library.vm
2012-11-24 18:45:56,283 - ResourceManager : unable to find resource 'VM_global_library.vm' in any resource loader.
2012-11-24 18:45:56,283 - Velocimacro : error using  VM library template VM_global_library.vm : org.apache.velocity.exception.ResourceNotFoundException: Unable to find resource 'VM_global_library.vm'
2012-11-24 18:45:56,283 - Velocimacro :  VM library template macro registration complete.
2012-11-24 18:45:56,283 - Velocimacro : allowInline = true : VMs can be defined inline in templates
2012-11-24 18:45:56,283 - Velocimacro : allowInlineToOverride = false : VMs defined inline may NOT replace previous VM definitions
2012-11-24 18:45:56,283 - Velocimacro : allowInlineLocal = false : VMs defined inline will be  global in scope if allowed.
2012-11-24 18:45:56,283 - Velocimacro : messages on  : VM system will output logging messages
2012-11-24 18:45:56,283 - Velocimacro : autoload off  : VM system will not automatically reload global library macros
2012-11-24 18:45:56,283 - Velocimacro : initialization complete.
2012-11-24 18:45:56,283 - Velocity successfully started.
2012-11-24 18:47:57,614 - SimpleLog4JLogSystem initialized using logfile 'velocity.log'
2012-11-24 18:47:57,615 - ************************************************************** 
2012-11-24 18:47:57,615 - Starting Jakarta Velocity v1.4
2012-11-24 18:47:57,615 - RuntimeInstance initializing.
2012-11-24 18:47:57,615 - Default Properties File: org\apache\velocity\runtime\defaults\velocity.properties
2012-11-24 18:47:57,615 - Trying to use logger class org.apache.velocity.runtime.log.SimpleLog4JLogSystem
2012-11-24 18:47:57,615 - Using logger class org.apache.velocity.runtime.log.SimpleLog4JLogSystem
2012-11-24 18:47:57,619 - Default ResourceManager initializing. (class org.apache.velocity.runtime.resource.ResourceManagerImpl)
2012-11-24 18:47:57,623 - Resource Loader Instantiated: org.apache.velocity.runtime.resource.loader.ClasspathResourceLoader
2012-11-24 18:47:57,623 - ClasspathResourceLoader : initialization starting.
2012-11-24 18:47:57,623 - ClasspathResourceLoader : initialization complete.
2012-11-24 18:47:57,626 - ResourceCache : initialized. (class org.apache.velocity.runtime.resource.ResourceCacheImpl)
2012-11-24 18:47:57,626 - Default ResourceManager initialization complete.
2012-11-24 18:47:57,628 - Loaded System Directive: org.apache.velocity.runtime.directive.Literal
2012-11-24 18:47:57,631 - Loaded System Directive: org.apache.velocity.runtime.directive.Macro
2012-11-24 18:47:57,636 - Loaded System Directive: org.apache.velocity.runtime.directive.Parse
2012-11-24 18:47:57,639 - Loaded System Directive: org.apache.velocity.runtime.directive.Include
2012-11-24 18:47:57,640 - Loaded System Directive: org.apache.velocity.runtime.directive.Foreach
2012-11-24 18:47:57,676 - Created: 20 parsers.
2012-11-24 18:47:57,691 - Velocimacro : initialization starting.
2012-11-24 18:47:57,691 - Velocimacro : adding VMs from VM library template : VM_global_library.vm
2012-11-24 18:47:57,699 - ResourceManager : unable to find resource 'VM_global_library.vm' in any resource loader.
2012-11-24 18:47:57,699 - Velocimacro : error using  VM library template VM_global_library.vm : org.apache.velocity.exception.ResourceNotFoundException: Unable to find resource 'VM_global_library.vm'
2012-11-24 18:47:57,699 - Velocimacro :  VM library template macro registration complete.
2012-11-24 18:47:57,699 - Velocimacro : allowInline = true : VMs can be defined inline in templates
2012-11-24 18:47:57,699 - Velocimacro : allowInlineToOverride = false : VMs defined inline may NOT replace previous VM definitions
2012-11-24 18:47:57,699 - Velocimacro : allowInlineLocal = false : VMs defined inline will be  global in scope if allowed.
2012-11-24 18:47:57,700 - Velocimacro : messages on  : VM system will output logging messages
2012-11-24 18:47:57,700 - Velocimacro : autoload off  : VM system will not automatically reload global library macros
2012-11-24 18:47:57,700 - Velocimacro : initialization complete.
2012-11-24 18:47:57,700 - Velocity successfully started.
2012-11-24 18:52:10,124 - SimpleLog4JLogSystem initialized using logfile 'velocity.log'
2012-11-24 18:52:10,124 - ************************************************************** 
2012-11-24 18:52:10,124 - Starting Jakarta Velocity v1.4
2012-11-24 18:52:10,124 - RuntimeInstance initializing.
2012-11-24 18:52:10,124 - Default Properties File: org\apache\velocity\runtime\defaults\velocity.properties
2012-11-24 18:52:10,124 - Trying to use logger class org.apache.velocity.runtime.log.SimpleLog4JLogSystem
2012-11-24 18:52:10,124 - Using logger class org.apache.velocity.runtime.log.SimpleLog4JLogSystem
2012-11-24 18:52:10,130 - Default ResourceManager initializing. (class org.apache.velocity.runtime.resource.ResourceManagerImpl)
2012-11-24 18:52:10,134 - Resource Loader Instantiated: org.apache.velocity.runtime.resource.loader.ClasspathResourceLoader
2012-11-24 18:52:10,134 - ClasspathResourceLoader : initialization starting.
2012-11-24 18:52:10,134 - ClasspathResourceLoader : initialization complete.
2012-11-24 18:52:10,136 - ResourceCache : initialized. (class org.apache.velocity.runtime.resource.ResourceCacheImpl)
2012-11-24 18:52:10,137 - Default ResourceManager initialization complete.
2012-11-24 18:52:10,139 - Loaded System Directive: org.apache.velocity.runtime.directive.Literal
2012-11-24 18:52:10,142 - Loaded System Directive: org.apache.velocity.runtime.directive.Macro
2012-11-24 18:52:10,146 - Loaded System Directive: org.apache.velocity.runtime.directive.Parse
2012-11-24 18:52:10,150 - Loaded System Directive: org.apache.velocity.runtime.directive.Include
2012-11-24 18:52:10,152 - Loaded System Directive: org.apache.velocity.runtime.directive.Foreach
2012-11-24 18:52:10,188 - Created: 20 parsers.
2012-11-24 18:52:10,202 - Velocimacro : initialization starting.
2012-11-24 18:52:10,203 - Velocimacro : adding VMs from VM library template : VM_global_library.vm
2012-11-24 18:52:10,210 - ResourceManager : unable to find resource 'VM_global_library.vm' in any resource loader.
2012-11-24 18:52:10,210 - Velocimacro : error using  VM library template VM_global_library.vm : org.apache.velocity.exception.ResourceNotFoundException: Unable to find resource 'VM_global_library.vm'
2012-11-24 18:52:10,210 - Velocimacro :  VM library template macro registration complete.
2012-11-24 18:52:10,210 - Velocimacro : allowInline = true : VMs can be defined inline in templates
2012-11-24 18:52:10,210 - Velocimacro : allowInlineToOverride = false : VMs defined inline may NOT replace previous VM definitions
2012-11-24 18:52:10,210 - Velocimacro : allowInlineLocal = false : VMs defined inline will be  global in scope if allowed.
2012-11-24 18:52:10,210 - Velocimacro : messages on  : VM system will output logging messages
2012-11-24 18:52:10,210 - Velocimacro : autoload off  : VM system will not automatically reload global library macros
2012-11-24 18:52:10,210 - Velocimacro : initialization complete.
2012-11-24 18:52:10,210 - Velocity successfully started.
2012-11-24 18:53:14,378 - SimpleLog4JLogSystem initialized using logfile 'velocity.log'
2012-11-24 18:53:14,379 - ************************************************************** 
2012-11-24 18:53:14,379 - Starting Jakarta Velocity v1.4
2012-11-24 18:53:14,379 - RuntimeInstance initializing.
2012-11-24 18:53:14,379 - Default Properties File: org\apache\velocity\runtime\defaults\velocity.properties
2012-11-24 18:53:14,379 - Trying to use logger class org.apache.velocity.runtime.log.SimpleLog4JLogSystem
2012-11-24 18:53:14,379 - Using logger class org.apache.velocity.runtime.log.SimpleLog4JLogSystem
2012-11-24 18:53:14,385 - Default ResourceManager initializing. (class org.apache.velocity.runtime.resource.ResourceManagerImpl)
2012-11-24 18:53:14,389 - Resource Loader Instantiated: org.apache.velocity.runtime.resource.loader.ClasspathResourceLoader
2012-11-24 18:53:14,389 - ClasspathResourceLoader : initialization starting.
2012-11-24 18:53:14,389 - ClasspathResourceLoader : initialization complete.
2012-11-24 18:53:14,391 - ResourceCache : initialized. (class org.apache.velocity.runtime.resource.ResourceCacheImpl)
2012-11-24 18:53:14,391 - Default ResourceManager initialization complete.
2012-11-24 18:53:14,394 - Loaded System Directive: org.apache.velocity.runtime.directive.Literal
2012-11-24 18:53:14,397 - Loaded System Directive: org.apache.velocity.runtime.directive.Macro
2012-11-24 18:53:14,402 - Loaded System Directive: org.apache.velocity.runtime.directive.Parse
2012-11-24 18:53:14,406 - Loaded System Directive: org.apache.velocity.runtime.directive.Include
2012-11-24 18:53:14,408 - Loaded System Directive: org.apache.velocity.runtime.directive.Foreach
2012-11-24 18:53:14,450 - Created: 20 parsers.
2012-11-24 18:53:14,464 - Velocimacro : initialization starting.
2012-11-24 18:53:14,464 - Velocimacro : adding VMs from VM library template : VM_global_library.vm
2012-11-24 18:53:14,472 - ResourceManager : unable to find resource 'VM_global_library.vm' in any resource loader.
2012-11-24 18:53:14,472 - Velocimacro : error using  VM library template VM_global_library.vm : org.apache.velocity.exception.ResourceNotFoundException: Unable to find resource 'VM_global_library.vm'
2012-11-24 18:53:14,472 - Velocimacro :  VM library template macro registration complete.
2012-11-24 18:53:14,472 - Velocimacro : allowInline = true : VMs can be defined inline in templates
2012-11-24 18:53:14,472 - Velocimacro : allowInlineToOverride = false : VMs defined inline may NOT replace previous VM definitions
2012-11-24 18:53:14,472 - Velocimacro : allowInlineLocal = false : VMs defined inline will be  global in scope if allowed.
2012-11-24 18:53:14,472 - Velocimacro : messages on  : VM system will output logging messages
2012-11-24 18:53:14,472 - Velocimacro : autoload off  : VM system will not automatically reload global library macros
2012-11-24 18:53:14,473 - Velocimacro : initialization complete.
2012-11-24 18:53:14,473 - Velocity successfully started.
2012-11-24 18:57:32,148 - SimpleLog4JLogSystem initialized using logfile 'velocity.log'
2012-11-24 18:57:32,148 - ************************************************************** 
2012-11-24 18:57:32,148 - Starting Jakarta Velocity v1.4
2012-11-24 18:57:32,148 - RuntimeInstance initializing.
2012-11-24 18:57:32,148 - Default Properties File: org\apache\velocity\runtime\defaults\velocity.properties
2012-11-24 18:57:32,148 - Trying to use logger class org.apache.velocity.runtime.log.SimpleLog4JLogSystem
2012-11-24 18:57:32,148 - Using logger class org.apache.velocity.runtime.log.SimpleLog4JLogSystem
2012-11-24 18:57:32,154 - Default ResourceManager initializing. (class org.apache.velocity.runtime.resource.ResourceManagerImpl)
2012-11-24 18:57:32,158 - Resource Loader Instantiated: org.apache.velocity.runtime.resource.loader.ClasspathResourceLoader
2012-11-24 18:57:32,159 - ClasspathResourceLoader : initialization starting.
2012-11-24 18:57:32,159 - ClasspathResourceLoader : initialization complete.
2012-11-24 18:57:32,161 - ResourceCache : initialized. (class org.apache.velocity.runtime.resource.ResourceCacheImpl)
2012-11-24 18:57:32,161 - Default ResourceManager initialization complete.
2012-11-24 18:57:32,164 - Loaded System Directive: org.apache.velocity.runtime.directive.Literal
2012-11-24 18:57:32,166 - Loaded System Directive: org.apache.velocity.runtime.directive.Macro
2012-11-24 18:57:32,170 - Loaded System Directive: org.apache.velocity.runtime.directive.Parse
2012-11-24 18:57:32,174 - Loaded System Directive: org.apache.velocity.runtime.directive.Include
2012-11-24 18:57:32,176 - Loaded System Directive: org.apache.velocity.runtime.directive.Foreach
2012-11-24 18:57:32,212 - Created: 20 parsers.
2012-11-24 18:57:32,227 - Velocimacro : initialization starting.
2012-11-24 18:57:32,227 - Velocimacro : adding VMs from VM library template : VM_global_library.vm
2012-11-24 18:57:32,235 - ResourceManager : unable to find resource 'VM_global_library.vm' in any resource loader.
2012-11-24 18:57:32,235 - Velocimacro : error using  VM library template VM_global_library.vm : org.apache.velocity.exception.ResourceNotFoundException: Unable to find resource 'VM_global_library.vm'
2012-11-24 18:57:32,235 - Velocimacro :  VM library template macro registration complete.
2012-11-24 18:57:32,235 - Velocimacro : allowInline = true : VMs can be defined inline in templates
2012-11-24 18:57:32,235 - Velocimacro : allowInlineToOverride = false : VMs defined inline may NOT replace previous VM definitions
2012-11-24 18:57:32,235 - Velocimacro : allowInlineLocal = false : VMs defined inline will be  global in scope if allowed.
2012-11-24 18:57:32,235 - Velocimacro : messages on  : VM system will output logging messages
2012-11-24 18:57:32,235 - Velocimacro : autoload off  : VM system will not automatically reload global library macros
2012-11-24 18:57:32,235 - Velocimacro : initialization complete.
2012-11-24 18:57:32,235 - Velocity successfully started.
2012-11-24 18:58:53,511 - SimpleLog4JLogSystem initialized using logfile 'velocity.log'
2012-11-24 18:58:53,512 - ************************************************************** 
2012-11-24 18:58:53,512 - Starting Jakarta Velocity v1.4
2012-11-24 18:58:53,512 - RuntimeInstance initializing.
2012-11-24 18:58:53,512 - Default Properties File: org\apache\velocity\runtime\defaults\velocity.properties
2012-11-24 18:58:53,512 - Trying to use logger class org.apache.velocity.runtime.log.SimpleLog4JLogSystem
2012-11-24 18:58:53,512 - Using logger class org.apache.velocity.runtime.log.SimpleLog4JLogSystem
2012-11-24 18:58:53,518 - Default ResourceManager initializing. (class org.apache.velocity.runtime.resource.ResourceManagerImpl)
2012-11-24 18:58:53,523 - Resource Loader Instantiated: org.apache.velocity.runtime.resource.loader.ClasspathResourceLoader
2012-11-24 18:58:53,523 - ClasspathResourceLoader : initialization starting.
2012-11-24 18:58:53,523 - ClasspathResourceLoader : initialization complete.
2012-11-24 18:58:53,525 - ResourceCache : initialized. (class org.apache.velocity.runtime.resource.ResourceCacheImpl)
2012-11-24 18:58:53,525 - Default ResourceManager initialization complete.
2012-11-24 18:58:53,528 - Loaded System Directive: org.apache.velocity.runtime.directive.Literal
2012-11-24 18:58:53,530 - Loaded System Directive: org.apache.velocity.runtime.directive.Macro
2012-11-24 18:58:53,535 - Loaded System Directive: org.apache.velocity.runtime.directive.Parse
2012-11-24 18:58:53,538 - Loaded System Directive: org.apache.velocity.runtime.directive.Include
2012-11-24 18:58:53,539 - Loaded System Directive: org.apache.velocity.runtime.directive.Foreach
2012-11-24 18:58:53,580 - Created: 20 parsers.
2012-11-24 18:58:53,595 - Velocimacro : initialization starting.
2012-11-24 18:58:53,595 - Velocimacro : adding VMs from VM library template : VM_global_library.vm
2012-11-24 18:58:53,603 - ResourceManager : unable to find resource 'VM_global_library.vm' in any resource loader.
2012-11-24 18:58:53,603 - Velocimacro : error using  VM library template VM_global_library.vm : org.apache.velocity.exception.ResourceNotFoundException: Unable to find resource 'VM_global_library.vm'
2012-11-24 18:58:53,603 - Velocimacro :  VM library template macro registration complete.
2012-11-24 18:58:53,603 - Velocimacro : allowInline = true : VMs can be defined inline in templates
2012-11-24 18:58:53,603 - Velocimacro : allowInlineToOverride = false : VMs defined inline may NOT replace previous VM definitions
2012-11-24 18:58:53,603 - Velocimacro : allowInlineLocal = false : VMs defined inline will be  global in scope if allowed.
2012-11-24 18:58:53,603 - Velocimacro : messages on  : VM system will output logging messages
2012-11-24 18:58:53,603 - Velocimacro : autoload off  : VM system will not automatically reload global library macros
2012-11-24 18:58:53,603 - Velocimacro : initialization complete.
2012-11-24 18:58:53,603 - Velocity successfully started.
2012-11-24 19:00:12,885 - SimpleLog4JLogSystem initialized using logfile 'velocity.log'
2012-11-24 19:00:12,885 - ************************************************************** 
2012-11-24 19:00:12,885 - Starting Jakarta Velocity v1.4
2012-11-24 19:00:12,885 - RuntimeInstance initializing.
2012-11-24 19:00:12,885 - Default Properties File: org\apache\velocity\runtime\defaults\velocity.properties
2012-11-24 19:00:12,885 - Trying to use logger class org.apache.velocity.runtime.log.SimpleLog4JLogSystem
2012-11-24 19:00:12,885 - Using logger class org.apache.velocity.runtime.log.SimpleLog4JLogSystem
2012-11-24 19:00:12,891 - Default ResourceManager initializing. (class org.apache.velocity.runtime.resource.ResourceManagerImpl)
2012-11-24 19:00:12,895 - Resource Loader Instantiated: org.apache.velocity.runtime.resource.loader.ClasspathResourceLoader
2012-11-24 19:00:12,895 - ClasspathResourceLoader : initialization starting.
2012-11-24 19:00:12,895 - ClasspathResourceLoader : initialization complete.
2012-11-24 19:00:12,897 - ResourceCache : initialized. (class org.apache.velocity.runtime.resource.ResourceCacheImpl)
2012-11-24 19:00:12,898 - Default ResourceManager initialization complete.
2012-11-24 19:00:12,900 - Loaded System Directive: org.apache.velocity.runtime.directive.Literal
2012-11-24 19:00:12,903 - Loaded System Directive: org.apache.velocity.runtime.directive.Macro
2012-11-24 19:00:12,906 - Loaded System Directive: org.apache.velocity.runtime.directive.Parse
2012-11-24 19:00:12,911 - Loaded System Directive: org.apache.velocity.runtime.directive.Include
2012-11-24 19:00:12,912 - Loaded System Directive: org.apache.velocity.runtime.directive.Foreach
2012-11-24 19:00:12,948 - Created: 20 parsers.
2012-11-24 19:00:12,962 - Velocimacro : initialization starting.
2012-11-24 19:00:12,962 - Velocimacro : adding VMs from VM library template : VM_global_library.vm
2012-11-24 19:00:12,970 - ResourceManager : unable to find resource 'VM_global_library.vm' in any resource loader.
2012-11-24 19:00:12,970 - Velocimacro : error using  VM library template VM_global_library.vm : org.apache.velocity.exception.ResourceNotFoundException: Unable to find resource 'VM_global_library.vm'
2012-11-24 19:00:12,970 - Velocimacro :  VM library template macro registration complete.
2012-11-24 19:00:12,970 - Velocimacro : allowInline = true : VMs can be defined inline in templates
2012-11-24 19:00:12,970 - Velocimacro : allowInlineToOverride = false : VMs defined inline may NOT replace previous VM definitions
2012-11-24 19:00:12,970 - Velocimacro : allowInlineLocal = false : VMs defined inline will be  global in scope if allowed.
2012-11-24 19:00:12,970 - Velocimacro : messages on  : VM system will output logging messages
2012-11-24 19:00:12,970 - Velocimacro : autoload off  : VM system will not automatically reload global library macros
2012-11-24 19:00:12,970 - Velocimacro : initialization complete.
2012-11-24 19:00:12,970 - Velocity successfully started.
2012-11-24 19:05:59,047 - SimpleLog4JLogSystem initialized using logfile 'velocity.log'
2012-11-24 19:05:59,048 - ************************************************************** 
2012-11-24 19:05:59,048 - Starting Jakarta Velocity v1.4
2012-11-24 19:05:59,048 - RuntimeInstance initializing.
2012-11-24 19:05:59,048 - Default Properties File: org\apache\velocity\runtime\defaults\velocity.properties
2012-11-24 19:05:59,048 - Trying to use logger class org.apache.velocity.runtime.log.SimpleLog4JLogSystem
2012-11-24 19:05:59,048 - Using logger class org.apache.velocity.runtime.log.SimpleLog4JLogSystem
2012-11-24 19:05:59,054 - Default ResourceManager initializing. (class org.apache.velocity.runtime.resource.ResourceManagerImpl)
2012-11-24 19:05:59,057 - Resource Loader Instantiated: org.apache.velocity.runtime.resource.loader.ClasspathResourceLoader
2012-11-24 19:05:59,058 - ClasspathResourceLoader : initialization starting.
2012-11-24 19:05:59,058 - ClasspathResourceLoader : initialization complete.
2012-11-24 19:05:59,060 - ResourceCache : initialized. (class org.apache.velocity.runtime.resource.ResourceCacheImpl)
2012-11-24 19:05:59,060 - Default ResourceManager initialization complete.
2012-11-24 19:05:59,063 - Loaded System Directive: org.apache.velocity.runtime.directive.Literal
2012-11-24 19:05:59,066 - Loaded System Directive: org.apache.velocity.runtime.directive.Macro
2012-11-24 19:05:59,071 - Loaded System Directive: org.apache.velocity.runtime.directive.Parse
2012-11-24 19:05:59,076 - Loaded System Directive: org.apache.velocity.runtime.directive.Include
2012-11-24 19:05:59,077 - Loaded System Directive: org.apache.velocity.runtime.directive.Foreach
2012-11-24 19:05:59,115 - Created: 20 parsers.
2012-11-24 19:05:59,129 - Velocimacro : initialization starting.
2012-11-24 19:05:59,129 - Velocimacro : adding VMs from VM library template : VM_global_library.vm
2012-11-24 19:05:59,136 - ResourceManager : unable to find resource 'VM_global_library.vm' in any resource loader.
2012-11-24 19:05:59,136 - Velocimacro : error using  VM library template VM_global_library.vm : org.apache.velocity.exception.ResourceNotFoundException: Unable to find resource 'VM_global_library.vm'
2012-11-24 19:05:59,137 - Velocimacro :  VM library template macro registration complete.
2012-11-24 19:05:59,137 - Velocimacro : allowInline = true : VMs can be defined inline in templates
2012-11-24 19:05:59,137 - Velocimacro : allowInlineToOverride = false : VMs defined inline may NOT replace previous VM definitions
2012-11-24 19:05:59,137 - Velocimacro : allowInlineLocal = false : VMs defined inline will be  global in scope if allowed.
2012-11-24 19:05:59,137 - Velocimacro : messages on  : VM system will output logging messages
2012-11-24 19:05:59,137 - Velocimacro : autoload off  : VM system will not automatically reload global library macros
2012-11-24 19:05:59,137 - Velocimacro : initialization complete.
2012-11-24 19:05:59,137 - Velocity successfully started.
2012-11-24 19:17:36,248 - SimpleLog4JLogSystem initialized using logfile 'velocity.log'
2012-11-24 19:17:36,248 - ************************************************************** 
2012-11-24 19:17:36,248 - Starting Jakarta Velocity v1.4
2012-11-24 19:17:36,248 - RuntimeInstance initializing.
2012-11-24 19:17:36,248 - Default Properties File: org\apache\velocity\runtime\defaults\velocity.properties
2012-11-24 19:17:36,248 - Trying to use logger class org.apache.velocity.runtime.log.SimpleLog4JLogSystem
2012-11-24 19:17:36,248 - Using logger class org.apache.velocity.runtime.log.SimpleLog4JLogSystem
2012-11-24 19:17:36,253 - Default ResourceManager initializing. (class org.apache.velocity.runtime.resource.ResourceManagerImpl)
2012-11-24 19:17:36,257 - Resource Loader Instantiated: org.apache.velocity.runtime.resource.loader.ClasspathResourceLoader
2012-11-24 19:17:36,257 - ClasspathResourceLoader : initialization starting.
2012-11-24 19:17:36,257 - ClasspathResourceLoader : initialization complete.
2012-11-24 19:17:36,259 - ResourceCache : initialized. (class org.apache.velocity.runtime.resource.ResourceCacheImpl)
2012-11-24 19:17:36,259 - Default ResourceManager initialization complete.
2012-11-24 19:17:36,262 - Loaded System Directive: org.apache.velocity.runtime.directive.Literal
2012-11-24 19:17:36,266 - Loaded System Directive: org.apache.velocity.runtime.directive.Macro
2012-11-24 19:17:36,272 - Loaded System Directive: org.apache.velocity.runtime.directive.Parse
2012-11-24 19:17:36,275 - Loaded System Directive: org.apache.velocity.runtime.directive.Include
2012-11-24 19:17:36,276 - Loaded System Directive: org.apache.velocity.runtime.directive.Foreach
2012-11-24 19:17:36,312 - Created: 20 parsers.
2012-11-24 19:17:36,326 - Velocimacro : initialization starting.
2012-11-24 19:17:36,326 - Velocimacro : adding VMs from VM library template : VM_global_library.vm
2012-11-24 19:17:36,334 - ResourceManager : unable to find resource 'VM_global_library.vm' in any resource loader.
2012-11-24 19:17:36,334 - Velocimacro : error using  VM library template VM_global_library.vm : org.apache.velocity.exception.ResourceNotFoundException: Unable to find resource 'VM_global_library.vm'
2012-11-24 19:17:36,334 - Velocimacro :  VM library template macro registration complete.
2012-11-24 19:17:36,334 - Velocimacro : allowInline = true : VMs can be defined inline in templates
2012-11-24 19:17:36,334 - Velocimacro : allowInlineToOverride = false : VMs defined inline may NOT replace previous VM definitions
2012-11-24 19:17:36,334 - Velocimacro : allowInlineLocal = false : VMs defined inline will be  global in scope if allowed.
2012-11-24 19:17:36,334 - Velocimacro : messages on  : VM system will output logging messages
2012-11-24 19:17:36,334 - Velocimacro : autoload off  : VM system will not automatically reload global library macros
2012-11-24 19:17:36,334 - Velocimacro : initialization complete.
2012-11-24 19:17:36,334 - Velocity successfully started.
2012-11-24 19:19:24,284 - SimpleLog4JLogSystem initialized using logfile 'velocity.log'
2012-11-24 19:19:24,284 - ************************************************************** 
2012-11-24 19:19:24,284 - Starting Jakarta Velocity v1.4
2012-11-24 19:19:24,284 - RuntimeInstance initializing.
2012-11-24 19:19:24,284 - Default Properties File: org\apache\velocity\runtime\defaults\velocity.properties
2012-11-24 19:19:24,284 - Trying to use logger class org.apache.velocity.runtime.log.SimpleLog4JLogSystem
2012-11-24 19:19:24,284 - Using logger class org.apache.velocity.runtime.log.SimpleLog4JLogSystem
2012-11-24 19:19:24,290 - Default ResourceManager initializing. (class org.apache.velocity.runtime.resource.ResourceManagerImpl)
2012-11-24 19:19:24,294 - Resource Loader Instantiated: org.apache.velocity.runtime.resource.loader.ClasspathResourceLoader
2012-11-24 19:19:24,294 - ClasspathResourceLoader : initialization starting.
2012-11-24 19:19:24,294 - ClasspathResourceLoader : initialization complete.
2012-11-24 19:19:24,296 - ResourceCache : initialized. (class org.apache.velocity.runtime.resource.ResourceCacheImpl)
2012-11-24 19:19:24,297 - Default ResourceManager initialization complete.
2012-11-24 19:19:24,299 - Loaded System Directive: org.apache.velocity.runtime.directive.Literal
2012-11-24 19:19:24,301 - Loaded System Directive: org.apache.velocity.runtime.directive.Macro
2012-11-24 19:19:24,305 - Loaded System Directive: org.apache.velocity.runtime.directive.Parse
2012-11-24 19:19:24,309 - Loaded System Directive: org.apache.velocity.runtime.directive.Include
2012-11-24 19:19:24,311 - Loaded System Directive: org.apache.velocity.runtime.directive.Foreach
2012-11-24 19:19:24,347 - Created: 20 parsers.
2012-11-24 19:19:24,361 - Velocimacro : initialization starting.
2012-11-24 19:19:24,361 - Velocimacro : adding VMs from VM library template : VM_global_library.vm
2012-11-24 19:19:24,368 - ResourceManager : unable to find resource 'VM_global_library.vm' in any resource loader.
2012-11-24 19:19:24,368 - Velocimacro : error using  VM library template VM_global_library.vm : org.apache.velocity.exception.ResourceNotFoundException: Unable to find resource 'VM_global_library.vm'
2012-11-24 19:19:24,368 - Velocimacro :  VM library template macro registration complete.
2012-11-24 19:19:24,368 - Velocimacro : allowInline = true : VMs can be defined inline in templates
2012-11-24 19:19:24,368 - Velocimacro : allowInlineToOverride = false : VMs defined inline may NOT replace previous VM definitions
2012-11-24 19:19:24,369 - Velocimacro : allowInlineLocal = false : VMs defined inline will be  global in scope if allowed.
2012-11-24 19:19:24,369 - Velocimacro : messages on  : VM system will output logging messages
2012-11-24 19:19:24,369 - Velocimacro : autoload off  : VM system will not automatically reload global library macros
2012-11-24 19:19:24,369 - Velocimacro : initialization complete.
2012-11-24 19:19:24,369 - Velocity successfully started.
2012-11-24 19:21:02,640 - SimpleLog4JLogSystem initialized using logfile 'velocity.log'
2012-11-24 19:21:02,641 - ************************************************************** 
2012-11-24 19:21:02,641 - Starting Jakarta Velocity v1.4
2012-11-24 19:21:02,641 - RuntimeInstance initializing.
2012-11-24 19:21:02,641 - Default Properties File: org\apache\velocity\runtime\defaults\velocity.properties
2012-11-24 19:21:02,641 - Trying to use logger class org.apache.velocity.runtime.log.SimpleLog4JLogSystem
2012-11-24 19:21:02,641 - Using logger class org.apache.velocity.runtime.log.SimpleLog4JLogSystem
2012-11-24 19:21:02,645 - Default ResourceManager initializing. (class org.apache.velocity.runtime.resource.ResourceManagerImpl)
2012-11-24 19:21:02,649 - Resource Loader Instantiated: org.apache.velocity.runtime.resource.loader.ClasspathResourceLoader
2012-11-24 19:21:02,650 - ClasspathResourceLoader : initialization starting.
2012-11-24 19:21:02,650 - ClasspathResourceLoader : initialization complete.
2012-11-24 19:21:02,652 - ResourceCache : initialized. (class org.apache.velocity.runtime.resource.ResourceCacheImpl)
2012-11-24 19:21:02,652 - Default ResourceManager initialization complete.
2012-11-24 19:21:02,654 - Loaded System Directive: org.apache.velocity.runtime.directive.Literal
2012-11-24 19:21:02,657 - Loaded System Directive: org.apache.velocity.runtime.directive.Macro
2012-11-24 19:21:02,662 - Loaded System Directive: org.apache.velocity.runtime.directive.Parse
2012-11-24 19:21:02,665 - Loaded System Directive: org.apache.velocity.runtime.directive.Include
2012-11-24 19:21:02,666 - Loaded System Directive: org.apache.velocity.runtime.directive.Foreach
2012-11-24 19:21:02,702 - Created: 20 parsers.
2012-11-24 19:21:02,717 - Velocimacro : initialization starting.
2012-11-24 19:21:02,717 - Velocimacro : adding VMs from VM library template : VM_global_library.vm
2012-11-24 19:21:02,724 - ResourceManager : unable to find resource 'VM_global_library.vm' in any resource loader.
2012-11-24 19:21:02,724 - Velocimacro : error using  VM library template VM_global_library.vm : org.apache.velocity.exception.ResourceNotFoundException: Unable to find resource 'VM_global_library.vm'
2012-11-24 19:21:02,724 - Velocimacro :  VM library template macro registration complete.
2012-11-24 19:21:02,724 - Velocimacro : allowInline = true : VMs can be defined inline in templates
2012-11-24 19:21:02,724 - Velocimacro : allowInlineToOverride = false : VMs defined inline may NOT replace previous VM definitions
2012-11-24 19:21:02,724 - Velocimacro : allowInlineLocal = false : VMs defined inline will be  global in scope if allowed.
2012-11-24 19:21:02,725 - Velocimacro : messages on  : VM system will output logging messages
2012-11-24 19:21:02,725 - Velocimacro : autoload off  : VM system will not automatically reload global library macros
2012-11-24 19:21:02,725 - Velocimacro : initialization complete.
2012-11-24 19:21:02,725 - Velocity successfully started.
2012-11-24 19:41:15,223 - SimpleLog4JLogSystem initialized using logfile 'velocity.log'
2012-11-24 19:41:15,224 - ************************************************************** 
2012-11-24 19:41:15,224 - Starting Jakarta Velocity v1.4
2012-11-24 19:41:15,224 - RuntimeInstance initializing.
2012-11-24 19:41:15,224 - Default Properties File: org\apache\velocity\runtime\defaults\velocity.properties
2012-11-24 19:41:15,224 - Trying to use logger class org.apache.velocity.runtime.log.SimpleLog4JLogSystem
2012-11-24 19:41:15,224 - Using logger class org.apache.velocity.runtime.log.SimpleLog4JLogSystem
2012-11-24 19:41:15,230 - Default ResourceManager initializing. (class org.apache.velocity.runtime.resource.ResourceManagerImpl)
2012-11-24 19:41:15,234 - Resource Loader Instantiated: org.apache.velocity.runtime.resource.loader.ClasspathResourceLoader
2012-11-24 19:41:15,234 - ClasspathResourceLoader : initialization starting.
2012-11-24 19:41:15,234 - ClasspathResourceLoader : initialization complete.
2012-11-24 19:41:15,236 - ResourceCache : initialized. (class org.apache.velocity.runtime.resource.ResourceCacheImpl)
2012-11-24 19:41:15,236 - Default ResourceManager initialization complete.
2012-11-24 19:41:15,239 - Loaded System Directive: org.apache.velocity.runtime.directive.Literal
2012-11-24 19:41:15,242 - Loaded System Directive: org.apache.velocity.runtime.directive.Macro
2012-11-24 19:41:15,245 - Loaded System Directive: org.apache.velocity.runtime.directive.Parse
2012-11-24 19:41:15,250 - Loaded System Directive: org.apache.velocity.runtime.directive.Include
2012-11-24 19:41:15,252 - Loaded System Directive: org.apache.velocity.runtime.directive.Foreach
2012-11-24 19:41:15,290 - Created: 20 parsers.
2012-11-24 19:41:15,306 - Velocimacro : initialization starting.
2012-11-24 19:41:15,307 - Velocimacro : adding VMs from VM library template : VM_global_library.vm
2012-11-24 19:41:15,317 - ResourceManager : unable to find resource 'VM_global_library.vm' in any resource loader.
2012-11-24 19:41:15,317 - Velocimacro : error using  VM library template VM_global_library.vm : org.apache.velocity.exception.ResourceNotFoundException: Unable to find resource 'VM_global_library.vm'
2012-11-24 19:41:15,317 - Velocimacro :  VM library template macro registration complete.
2012-11-24 19:41:15,317 - Velocimacro : allowInline = true : VMs can be defined inline in templates
2012-11-24 19:41:15,317 - Velocimacro : allowInlineToOverride = false : VMs defined inline may NOT replace previous VM definitions
2012-11-24 19:41:15,318 - Velocimacro : allowInlineLocal = false : VMs defined inline will be  global in scope if allowed.
2012-11-24 19:41:15,318 - Velocimacro : messages on  : VM system will output logging messages
2012-11-24 19:41:15,318 - Velocimacro : autoload off  : VM system will not automatically reload global library macros
2012-11-24 19:41:15,318 - Velocimacro : initialization complete.
2012-11-24 19:41:15,318 - Velocity successfully started.
2012-11-24 19:41:19,381 - ResourceManager : found repast/simphony/scenario/Scenario.vt with loader org.apache.velocity.runtime.resource.loader.ClasspathResourceLoader
2012-11-24 19:41:19,453 - ResourceManager : found repast/simphony/parameter/parameters.vt with loader org.apache.velocity.runtime.resource.loader.ClasspathResourceLoader
2012-11-24 19:43:22,248 - SimpleLog4JLogSystem initialized using logfile 'velocity.log'
2012-11-24 19:43:22,249 - ************************************************************** 
2012-11-24 19:43:22,249 - Starting Jakarta Velocity v1.4
2012-11-24 19:43:22,249 - RuntimeInstance initializing.
2012-11-24 19:43:22,249 - Default Properties File: org\apache\velocity\runtime\defaults\velocity.properties
2012-11-24 19:43:22,249 - Trying to use logger class org.apache.velocity.runtime.log.SimpleLog4JLogSystem
2012-11-24 19:43:22,249 - Using logger class org.apache.velocity.runtime.log.SimpleLog4JLogSystem
2012-11-24 19:43:22,255 - Default ResourceManager initializing. (class org.apache.velocity.runtime.resource.ResourceManagerImpl)
2012-11-24 19:43:22,259 - Resource Loader Instantiated: org.apache.velocity.runtime.resource.loader.ClasspathResourceLoader
2012-11-24 19:43:22,259 - ClasspathResourceLoader : initialization starting.
2012-11-24 19:43:22,259 - ClasspathResourceLoader : initialization complete.
2012-11-24 19:43:22,261 - ResourceCache : initialized. (class org.apache.velocity.runtime.resource.ResourceCacheImpl)
2012-11-24 19:43:22,261 - Default ResourceManager initialization complete.
2012-11-24 19:43:22,264 - Loaded System Directive: org.apache.velocity.runtime.directive.Literal
2012-11-24 19:43:22,266 - Loaded System Directive: org.apache.velocity.runtime.directive.Macro
2012-11-24 19:43:22,270 - Loaded System Directive: org.apache.velocity.runtime.directive.Parse
2012-11-24 19:43:22,275 - Loaded System Directive: org.apache.velocity.runtime.directive.Include
2012-11-24 19:43:22,276 - Loaded System Directive: org.apache.velocity.runtime.directive.Foreach
2012-11-24 19:43:22,313 - Created: 20 parsers.
2012-11-24 19:43:22,327 - Velocimacro : initialization starting.
2012-11-24 19:43:22,327 - Velocimacro : adding VMs from VM library template : VM_global_library.vm
2012-11-24 19:43:22,335 - ResourceManager : unable to find resource 'VM_global_library.vm' in any resource loader.
2012-11-24 19:43:22,335 - Velocimacro : error using  VM library template VM_global_library.vm : org.apache.velocity.exception.ResourceNotFoundException: Unable to find resource 'VM_global_library.vm'
2012-11-24 19:43:22,335 - Velocimacro :  VM library template macro registration complete.
2012-11-24 19:43:22,335 - Velocimacro : allowInline = true : VMs can be defined inline in templates
2012-11-24 19:43:22,335 - Velocimacro : allowInlineToOverride = false : VMs defined inline may NOT replace previous VM definitions
2012-11-24 19:43:22,335 - Velocimacro : allowInlineLocal = false : VMs defined inline will be  global in scope if allowed.
2012-11-24 19:43:22,335 - Velocimacro : messages on  : VM system will output logging messages
2012-11-24 19:43:22,335 - Velocimacro : autoload off  : VM system will not automatically reload global library macros
2012-11-24 19:43:22,335 - Velocimacro : initialization complete.
2012-11-24 19:43:22,335 - Velocity successfully started.
2012-11-24 19:51:04,807 - SimpleLog4JLogSystem initialized using logfile 'velocity.log'
2012-11-24 19:51:04,807 - ************************************************************** 
2012-11-24 19:51:04,807 - Starting Jakarta Velocity v1.4
2012-11-24 19:51:04,807 - RuntimeInstance initializing.
2012-11-24 19:51:04,807 - Default Properties File: org\apache\velocity\runtime\defaults\velocity.properties
2012-11-24 19:51:04,807 - Trying to use logger class org.apache.velocity.runtime.log.SimpleLog4JLogSystem
2012-11-24 19:51:04,807 - Using logger class org.apache.velocity.runtime.log.SimpleLog4JLogSystem
2012-11-24 19:51:04,811 - Default ResourceManager initializing. (class org.apache.velocity.runtime.resource.ResourceManagerImpl)
2012-11-24 19:51:04,815 - Resource Loader Instantiated: org.apache.velocity.runtime.resource.loader.ClasspathResourceLoader
2012-11-24 19:51:04,815 - ClasspathResourceLoader : initialization starting.
2012-11-24 19:51:04,815 - ClasspathResourceLoader : initialization complete.
2012-11-24 19:51:04,818 - ResourceCache : initialized. (class org.apache.velocity.runtime.resource.ResourceCacheImpl)
2012-11-24 19:51:04,818 - Default ResourceManager initialization complete.
2012-11-24 19:51:04,820 - Loaded System Directive: org.apache.velocity.runtime.directive.Literal
2012-11-24 19:51:04,823 - Loaded System Directive: org.apache.velocity.runtime.directive.Macro
2012-11-24 19:51:04,828 - Loaded System Directive: org.apache.velocity.runtime.directive.Parse
2012-11-24 19:51:04,831 - Loaded System Directive: org.apache.velocity.runtime.directive.Include
2012-11-24 19:51:04,833 - Loaded System Directive: org.apache.velocity.runtime.directive.Foreach
2012-11-24 19:51:04,869 - Created: 20 parsers.
2012-11-24 19:51:04,883 - Velocimacro : initialization starting.
2012-11-24 19:51:04,883 - Velocimacro : adding VMs from VM library template : VM_global_library.vm
2012-11-24 19:51:04,891 - ResourceManager : unable to find resource 'VM_global_library.vm' in any resource loader.
2012-11-24 19:51:04,891 - Velocimacro : error using  VM library template VM_global_library.vm : org.apache.velocity.exception.ResourceNotFoundException: Unable to find resource 'VM_global_library.vm'
2012-11-24 19:51:04,891 - Velocimacro :  VM library template macro registration complete.
2012-11-24 19:51:04,891 - Velocimacro : allowInline = true : VMs can be defined inline in templates
2012-11-24 19:51:04,891 - Velocimacro : allowInlineToOverride = false : VMs defined inline may NOT replace previous VM definitions
2012-11-24 19:51:04,891 - Velocimacro : allowInlineLocal = false : VMs defined inline will be  global in scope if allowed.
2012-11-24 19:51:04,891 - Velocimacro : messages on  : VM system will output logging messages
2012-11-24 19:51:04,891 - Velocimacro : autoload off  : VM system will not automatically reload global library macros
2012-11-24 19:51:04,891 - Velocimacro : initialization complete.
2012-11-24 19:51:04,891 - Velocity successfully started.
2012-11-24 19:52:37,336 - SimpleLog4JLogSystem initialized using logfile 'velocity.log'
2012-11-24 19:52:37,336 - ************************************************************** 
2012-11-24 19:52:37,337 - Starting Jakarta Velocity v1.4
2012-11-24 19:52:37,337 - RuntimeInstance initializing.
2012-11-24 19:52:37,337 - Default Properties File: org\apache\velocity\runtime\defaults\velocity.properties
2012-11-24 19:52:37,337 - Trying to use logger class org.apache.velocity.runtime.log.SimpleLog4JLogSystem
2012-11-24 19:52:37,337 - Using logger class org.apache.velocity.runtime.log.SimpleLog4JLogSystem
2012-11-24 19:52:37,343 - Default ResourceManager initializing. (class org.apache.velocity.runtime.resource.ResourceManagerImpl)
2012-11-24 19:52:37,347 - Resource Loader Instantiated: org.apache.velocity.runtime.resource.loader.ClasspathResourceLoader
2012-11-24 19:52:37,347 - ClasspathResourceLoader : initialization starting.
2012-11-24 19:52:37,347 - ClasspathResourceLoader : initialization complete.
2012-11-24 19:52:37,349 - ResourceCache : initialized. (class org.apache.velocity.runtime.resource.ResourceCacheImpl)
2012-11-24 19:52:37,349 - Default ResourceManager initialization complete.
2012-11-24 19:52:37,351 - Loaded System Directive: org.apache.velocity.runtime.directive.Literal
2012-11-24 19:52:37,354 - Loaded System Directive: org.apache.velocity.runtime.directive.Macro
2012-11-24 19:52:37,358 - Loaded System Directive: org.apache.velocity.runtime.directive.Parse
2012-11-24 19:52:37,362 - Loaded System Directive: org.apache.velocity.runtime.directive.Include
2012-11-24 19:52:37,364 - Loaded System Directive: org.apache.velocity.runtime.directive.Foreach
2012-11-24 19:52:37,400 - Created: 20 parsers.
2012-11-24 19:52:37,414 - Velocimacro : initialization starting.
2012-11-24 19:52:37,414 - Velocimacro : adding VMs from VM library template : VM_global_library.vm
2012-11-24 19:52:37,422 - ResourceManager : unable to find resource 'VM_global_library.vm' in any resource loader.
2012-11-24 19:52:37,422 - Velocimacro : error using  VM library template VM_global_library.vm : org.apache.velocity.exception.ResourceNotFoundException: Unable to find resource 'VM_global_library.vm'
2012-11-24 19:52:37,422 - Velocimacro :  VM library template macro registration complete.
2012-11-24 19:52:37,422 - Velocimacro : allowInline = true : VMs can be defined inline in templates
2012-11-24 19:52:37,422 - Velocimacro : allowInlineToOverride = false : VMs defined inline may NOT replace previous VM definitions
2012-11-24 19:52:37,422 - Velocimacro : allowInlineLocal = false : VMs defined inline will be  global in scope if allowed.
2012-11-24 19:52:37,422 - Velocimacro : messages on  : VM system will output logging messages
2012-11-24 19:52:37,422 - Velocimacro : autoload off  : VM system will not automatically reload global library macros
2012-11-24 19:52:37,422 - Velocimacro : initialization complete.
2012-11-24 19:52:37,422 - Velocity successfully started.
2012-11-24 19:54:36,034 - SimpleLog4JLogSystem initialized using logfile 'velocity.log'
2012-11-24 19:54:36,035 - ************************************************************** 
2012-11-24 19:54:36,035 - Starting Jakarta Velocity v1.4
2012-11-24 19:54:36,035 - RuntimeInstance initializing.
2012-11-24 19:54:36,035 - Default Properties File: org\apache\velocity\runtime\defaults\velocity.properties
2012-11-24 19:54:36,035 - Trying to use logger class org.apache.velocity.runtime.log.SimpleLog4JLogSystem
2012-11-24 19:54:36,035 - Using logger class org.apache.velocity.runtime.log.SimpleLog4JLogSystem
2012-11-24 19:54:36,040 - Default ResourceManager initializing. (class org.apache.velocity.runtime.resource.ResourceManagerImpl)
2012-11-24 19:54:36,043 - Resource Loader Instantiated: org.apache.velocity.runtime.resource.loader.ClasspathResourceLoader
2012-11-24 19:54:36,044 - ClasspathResourceLoader : initialization starting.
2012-11-24 19:54:36,044 - ClasspathResourceLoader : initialization complete.
2012-11-24 19:54:36,046 - ResourceCache : initialized. (class org.apache.velocity.runtime.resource.ResourceCacheImpl)
2012-11-24 19:54:36,046 - Default ResourceManager initialization complete.
2012-11-24 19:54:36,048 - Loaded System Directive: org.apache.velocity.runtime.directive.Literal
2012-11-24 19:54:36,051 - Loaded System Directive: org.apache.velocity.runtime.directive.Macro
2012-11-24 19:54:36,056 - Loaded System Directive: org.apache.velocity.runtime.directive.Parse
2012-11-24 19:54:36,059 - Loaded System Directive: org.apache.velocity.runtime.directive.Include
2012-11-24 19:54:36,060 - Loaded System Directive: org.apache.velocity.runtime.directive.Foreach
2012-11-24 19:54:36,097 - Created: 20 parsers.
2012-11-24 19:54:36,111 - Velocimacro : initialization starting.
2012-11-24 19:54:36,111 - Velocimacro : adding VMs from VM library template : VM_global_library.vm
2012-11-24 19:54:36,120 - ResourceManager : unable to find resource 'VM_global_library.vm' in any resource loader.
2012-11-24 19:54:36,120 - Velocimacro : error using  VM library template VM_global_library.vm : org.apache.velocity.exception.ResourceNotFoundException: Unable to find resource 'VM_global_library.vm'
2012-11-24 19:54:36,120 - Velocimacro :  VM library template macro registration complete.
2012-11-24 19:54:36,120 - Velocimacro : allowInline = true : VMs can be defined inline in templates
2012-11-24 19:54:36,120 - Velocimacro : allowInlineToOverride = false : VMs defined inline may NOT replace previous VM definitions
2012-11-24 19:54:36,120 - Velocimacro : allowInlineLocal = false : VMs defined inline will be  global in scope if allowed.
2012-11-24 19:54:36,120 - Velocimacro : messages on  : VM system will output logging messages
2012-11-24 19:54:36,120 - Velocimacro : autoload off  : VM system will not automatically reload global library macros
2012-11-24 19:54:36,120 - Velocimacro : initialization complete.
2012-11-24 19:54:36,120 - Velocity successfully started.
2012-11-24 23:27:42,357 - ResourceManager : found repast/simphony/scenario/Scenario.vt with loader org.apache.velocity.runtime.resource.loader.ClasspathResourceLoader
2012-11-24 23:27:42,420 - ResourceManager : found repast/simphony/parameter/parameters.vt with loader org.apache.velocity.runtime.resource.loader.ClasspathResourceLoader
2012-11-25 19:07:04,009 - SimpleLog4JLogSystem initialized using logfile 'velocity.log'
2012-11-25 19:07:04,010 - ************************************************************** 
2012-11-25 19:07:04,010 - Starting Jakarta Velocity v1.4
2012-11-25 19:07:04,010 - RuntimeInstance initializing.
2012-11-25 19:07:04,010 - Default Properties File: org\apache\velocity\runtime\defaults\velocity.properties
2012-11-25 19:07:04,010 - Trying to use logger class org.apache.velocity.runtime.log.SimpleLog4JLogSystem
2012-11-25 19:07:04,010 - Using logger class org.apache.velocity.runtime.log.SimpleLog4JLogSystem
2012-11-25 19:07:04,015 - Default ResourceManager initializing. (class org.apache.velocity.runtime.resource.ResourceManagerImpl)
2012-11-25 19:07:04,019 - Resource Loader Instantiated: org.apache.velocity.runtime.resource.loader.ClasspathResourceLoader
2012-11-25 19:07:04,019 - ClasspathResourceLoader : initialization starting.
2012-11-25 19:07:04,019 - ClasspathResourceLoader : initialization complete.
2012-11-25 19:07:04,022 - ResourceCache : initialized. (class org.apache.velocity.runtime.resource.ResourceCacheImpl)
2012-11-25 19:07:04,022 - Default ResourceManager initialization complete.
2012-11-25 19:07:04,025 - Loaded System Directive: org.apache.velocity.runtime.directive.Literal
2012-11-25 19:07:04,028 - Loaded System Directive: org.apache.velocity.runtime.directive.Macro
2012-11-25 19:07:04,034 - Loaded System Directive: org.apache.velocity.runtime.directive.Parse
2012-11-25 19:07:04,037 - Loaded System Directive: org.apache.velocity.runtime.directive.Include
2012-11-25 19:07:04,038 - Loaded System Directive: org.apache.velocity.runtime.directive.Foreach
2012-11-25 19:07:04,082 - Created: 20 parsers.
2012-11-25 19:07:04,097 - Velocimacro : initialization starting.
2012-11-25 19:07:04,097 - Velocimacro : adding VMs from VM library template : VM_global_library.vm
2012-11-25 19:07:04,106 - ResourceManager : unable to find resource 'VM_global_library.vm' in any resource loader.
2012-11-25 19:07:04,106 - Velocimacro : error using  VM library template VM_global_library.vm : org.apache.velocity.exception.ResourceNotFoundException: Unable to find resource 'VM_global_library.vm'
2012-11-25 19:07:04,106 - Velocimacro :  VM library template macro registration complete.
2012-11-25 19:07:04,106 - Velocimacro : allowInline = true : VMs can be defined inline in templates
2012-11-25 19:07:04,106 - Velocimacro : allowInlineToOverride = false : VMs defined inline may NOT replace previous VM definitions
2012-11-25 19:07:04,106 - Velocimacro : allowInlineLocal = false : VMs defined inline will be  global in scope if allowed.
2012-11-25 19:07:04,106 - Velocimacro : messages on  : VM system will output logging messages
2012-11-25 19:07:04,106 - Velocimacro : autoload off  : VM system will not automatically reload global library macros
2012-11-25 19:07:04,106 - Velocimacro : initialization complete.
2012-11-25 19:07:04,106 - Velocity successfully started.
2012-11-25 21:04:40,365 - SimpleLog4JLogSystem initialized using logfile 'velocity.log'
2012-11-25 21:04:40,365 - ************************************************************** 
2012-11-25 21:04:40,365 - Starting Jakarta Velocity v1.4
2012-11-25 21:04:40,365 - RuntimeInstance initializing.
2012-11-25 21:04:40,365 - Default Properties File: org\apache\velocity\runtime\defaults\velocity.properties
2012-11-25 21:04:40,365 - Trying to use logger class org.apache.velocity.runtime.log.SimpleLog4JLogSystem
2012-11-25 21:04:40,365 - Using logger class org.apache.velocity.runtime.log.SimpleLog4JLogSystem
2012-11-25 21:04:40,372 - Default ResourceManager initializing. (class org.apache.velocity.runtime.resource.ResourceManagerImpl)
2012-11-25 21:04:40,377 - Resource Loader Instantiated: org.apache.velocity.runtime.resource.loader.ClasspathResourceLoader
2012-11-25 21:04:40,377 - ClasspathResourceLoader : initialization starting.
2012-11-25 21:04:40,377 - ClasspathResourceLoader : initialization complete.
2012-11-25 21:04:40,380 - ResourceCache : initialized. (class org.apache.velocity.runtime.resource.ResourceCacheImpl)
2012-11-25 21:04:40,380 - Default ResourceManager initialization complete.
2012-11-25 21:04:40,382 - Loaded System Directive: org.apache.velocity.runtime.directive.Literal
2012-11-25 21:04:40,385 - Loaded System Directive: org.apache.velocity.runtime.directive.Macro
2012-11-25 21:04:40,390 - Loaded System Directive: org.apache.velocity.runtime.directive.Parse
2012-11-25 21:04:40,394 - Loaded System Directive: org.apache.velocity.runtime.directive.Include
2012-11-25 21:04:40,396 - Loaded System Directive: org.apache.velocity.runtime.directive.Foreach
2012-11-25 21:04:40,440 - Created: 20 parsers.
2012-11-25 21:04:40,456 - Velocimacro : initialization starting.
2012-11-25 21:04:40,457 - Velocimacro : adding VMs from VM library template : VM_global_library.vm
2012-11-25 21:04:40,465 - ResourceManager : unable to find resource 'VM_global_library.vm' in any resource loader.
2012-11-25 21:04:40,465 - Velocimacro : error using  VM library template VM_global_library.vm : org.apache.velocity.exception.ResourceNotFoundException: Unable to find resource 'VM_global_library.vm'
2012-11-25 21:04:40,465 - Velocimacro :  VM library template macro registration complete.
2012-11-25 21:04:40,465 - Velocimacro : allowInline = true : VMs can be defined inline in templates
2012-11-25 21:04:40,465 - Velocimacro : allowInlineToOverride = false : VMs defined inline may NOT replace previous VM definitions
2012-11-25 21:04:40,465 - Velocimacro : allowInlineLocal = false : VMs defined inline will be  global in scope if allowed.
2012-11-25 21:04:40,465 - Velocimacro : messages on  : VM system will output logging messages
2012-11-25 21:04:40,465 - Velocimacro : autoload off  : VM system will not automatically reload global library macros
2012-11-25 21:04:40,465 - Velocimacro : initialization complete.
2012-11-25 21:04:40,465 - Velocity successfully started.
2012-11-26 19:44:35,595 - SimpleLog4JLogSystem initialized using logfile 'velocity.log'
2012-11-26 19:44:35,596 - ************************************************************** 
2012-11-26 19:44:35,596 - Starting Jakarta Velocity v1.4
2012-11-26 19:44:35,596 - RuntimeInstance initializing.
2012-11-26 19:44:35,596 - Default Properties File: org\apache\velocity\runtime\defaults\velocity.properties
2012-11-26 19:44:35,596 - Trying to use logger class org.apache.velocity.runtime.log.SimpleLog4JLogSystem
2012-11-26 19:44:35,596 - Using logger class org.apache.velocity.runtime.log.SimpleLog4JLogSystem
2012-11-26 19:44:35,604 - Default ResourceManager initializing. (class org.apache.velocity.runtime.resource.ResourceManagerImpl)
2012-11-26 19:44:35,609 - Resource Loader Instantiated: org.apache.velocity.runtime.resource.loader.ClasspathResourceLoader
2012-11-26 19:44:35,609 - ClasspathResourceLoader : initialization starting.
2012-11-26 19:44:35,609 - ClasspathResourceLoader : initialization complete.
2012-11-26 19:44:35,612 - ResourceCache : initialized. (class org.apache.velocity.runtime.resource.ResourceCacheImpl)
2012-11-26 19:44:35,612 - Default ResourceManager initialization complete.
2012-11-26 19:44:35,616 - Loaded System Directive: org.apache.velocity.runtime.directive.Literal
2012-11-26 19:44:35,619 - Loaded System Directive: org.apache.velocity.runtime.directive.Macro
2012-11-26 19:44:35,622 - Loaded System Directive: org.apache.velocity.runtime.directive.Parse
2012-11-26 19:44:35,626 - Loaded System Directive: org.apache.velocity.runtime.directive.Include
2012-11-26 19:44:35,627 - Loaded System Directive: org.apache.velocity.runtime.directive.Foreach
2012-11-26 19:44:35,660 - Created: 20 parsers.
2012-11-26 19:44:35,673 - Velocimacro : initialization starting.
2012-11-26 19:44:35,673 - Velocimacro : adding VMs from VM library template : VM_global_library.vm
2012-11-26 19:44:35,679 - ResourceManager : unable to find resource 'VM_global_library.vm' in any resource loader.
2012-11-26 19:44:35,679 - Velocimacro : error using  VM library template VM_global_library.vm : org.apache.velocity.exception.ResourceNotFoundException: Unable to find resource 'VM_global_library.vm'
2012-11-26 19:44:35,679 - Velocimacro :  VM library template macro registration complete.
2012-11-26 19:44:35,679 - Velocimacro : allowInline = true : VMs can be defined inline in templates
2012-11-26 19:44:35,679 - Velocimacro : allowInlineToOverride = false : VMs defined inline may NOT replace previous VM definitions
2012-11-26 19:44:35,679 - Velocimacro : allowInlineLocal = false : VMs defined inline will be  global in scope if allowed.
2012-11-26 19:44:35,679 - Velocimacro : messages on  : VM system will output logging messages
2012-11-26 19:44:35,679 - Velocimacro : autoload off  : VM system will not automatically reload global library macros
2012-11-26 19:44:35,679 - Velocimacro : initialization complete.
2012-11-26 19:44:35,679 - Velocity successfully started.
2012-11-26 20:19:32,793 - ResourceManager : found repast/simphony/scenario/Scenario.vt with loader org.apache.velocity.runtime.resource.loader.ClasspathResourceLoader
2012-11-26 20:19:32,850 - ResourceManager : found repast/simphony/parameter/parameters.vt with loader org.apache.velocity.runtime.resource.loader.ClasspathResourceLoader
2012-11-26 20:19:33,437 - ResourceManager : found repast/simphony/scenario/Scenario.vt with loader org.apache.velocity.runtime.resource.loader.ClasspathResourceLoader
2012-11-26 20:19:33,442 - ResourceManager : found repast/simphony/parameter/parameters.vt with loader org.apache.velocity.runtime.resource.loader.ClasspathResourceLoader
2012-11-26 20:19:33,620 - ResourceManager : found repast/simphony/scenario/Scenario.vt with loader org.apache.velocity.runtime.resource.loader.ClasspathResourceLoader
2012-11-26 20:19:33,625 - ResourceManager : found repast/simphony/parameter/parameters.vt with loader org.apache.velocity.runtime.resource.loader.ClasspathResourceLoader
2012-11-26 20:19:33,765 - ResourceManager : found repast/simphony/scenario/Scenario.vt with loader org.apache.velocity.runtime.resource.loader.ClasspathResourceLoader
2012-11-26 20:19:33,769 - ResourceManager : found repast/simphony/parameter/parameters.vt with loader org.apache.velocity.runtime.resource.loader.ClasspathResourceLoader
2012-11-26 20:20:42,241 - ResourceManager : found repast/simphony/scenario/Scenario.vt with loader org.apache.velocity.runtime.resource.loader.ClasspathResourceLoader
2012-11-26 20:20:42,245 - ResourceManager : found repast/simphony/parameter/parameters.vt with loader org.apache.velocity.runtime.resource.loader.ClasspathResourceLoader
2012-11-26 20:20:43,547 - ResourceManager : found repast/simphony/scenario/Scenario.vt with loader org.apache.velocity.runtime.resource.loader.ClasspathResourceLoader
2012-11-26 20:20:43,551 - ResourceManager : found repast/simphony/parameter/parameters.vt with loader org.apache.velocity.runtime.resource.loader.ClasspathResourceLoader
2012-11-26 20:22:16,606 - ResourceManager : found repast/simphony/scenario/Scenario.vt with loader org.apache.velocity.runtime.resource.loader.ClasspathResourceLoader
2012-11-26 20:22:16,609 - ResourceManager : found repast/simphony/parameter/parameters.vt with loader org.apache.velocity.runtime.resource.loader.ClasspathResourceLoader
2012-11-26 20:25:06,045 - ResourceManager : found repast/simphony/scenario/Scenario.vt with loader org.apache.velocity.runtime.resource.loader.ClasspathResourceLoader
2012-11-26 20:25:06,048 - ResourceManager : found repast/simphony/parameter/parameters.vt with loader org.apache.velocity.runtime.resource.loader.ClasspathResourceLoader
2012-11-26 20:25:07,232 - ResourceManager : found repast/simphony/scenario/Scenario.vt with loader org.apache.velocity.runtime.resource.loader.ClasspathResourceLoader
2012-11-26 20:25:07,235 - ResourceManager : found repast/simphony/parameter/parameters.vt with loader org.apache.velocity.runtime.resource.loader.ClasspathResourceLoader
2012-11-26 20:25:10,696 - ResourceManager : found repast/simphony/scenario/Scenario.vt with loader org.apache.velocity.runtime.resource.loader.ClasspathResourceLoader
2012-11-26 20:25:10,699 - ResourceManager : found repast/simphony/parameter/parameters.vt with loader org.apache.velocity.runtime.resource.loader.ClasspathResourceLoader
2012-11-26 20:25:11,422 - ResourceManager : found repast/simphony/scenario/Scenario.vt with loader org.apache.velocity.runtime.resource.loader.ClasspathResourceLoader
2012-11-26 20:25:11,424 - ResourceManager : found repast/simphony/parameter/parameters.vt with loader org.apache.velocity.runtime.resource.loader.ClasspathResourceLoader
2012-12-09 13:38:23,863 - SimpleLog4JLogSystem initialized using logfile 'velocity.log'
2012-12-09 13:38:23,873 - ************************************************************** 
2012-12-09 13:38:23,873 - Starting Jakarta Velocity v1.4
2012-12-09 13:38:23,873 - RuntimeInstance initializing.
2012-12-09 13:38:23,873 - Default Properties File: org\apache\velocity\runtime\defaults\velocity.properties
2012-12-09 13:38:23,873 - Trying to use logger class org.apache.velocity.runtime.log.SimpleLog4JLogSystem
2012-12-09 13:38:23,873 - Using logger class org.apache.velocity.runtime.log.SimpleLog4JLogSystem
2012-12-09 13:38:23,879 - Default ResourceManager initializing. (class org.apache.velocity.runtime.resource.ResourceManagerImpl)
2012-12-09 13:38:23,884 - Resource Loader Instantiated: org.apache.velocity.runtime.resource.loader.ClasspathResourceLoader
2012-12-09 13:38:23,884 - ClasspathResourceLoader : initialization starting.
2012-12-09 13:38:23,884 - ClasspathResourceLoader : initialization complete.
2012-12-09 13:38:23,887 - ResourceCache : initialized. (class org.apache.velocity.runtime.resource.ResourceCacheImpl)
2012-12-09 13:38:23,887 - Default ResourceManager initialization complete.
2012-12-09 13:38:23,890 - Loaded System Directive: org.apache.velocity.runtime.directive.Literal
2012-12-09 13:38:23,922 - Loaded System Directive: org.apache.velocity.runtime.directive.Macro
2012-12-09 13:38:23,926 - Loaded System Directive: org.apache.velocity.runtime.directive.Parse
2012-12-09 13:38:23,932 - Loaded System Directive: org.apache.velocity.runtime.directive.Include
2012-12-09 13:38:23,933 - Loaded System Directive: org.apache.velocity.runtime.directive.Foreach
2012-12-09 13:38:23,980 - Created: 20 parsers.
2012-12-09 13:38:23,996 - Velocimacro : initialization starting.
2012-12-09 13:38:23,996 - Velocimacro : adding VMs from VM library template : VM_global_library.vm
2012-12-09 13:38:24,004 - ResourceManager : unable to find resource 'VM_global_library.vm' in any resource loader.
2012-12-09 13:38:24,004 - Velocimacro : error using  VM library template VM_global_library.vm : org.apache.velocity.exception.ResourceNotFoundException: Unable to find resource 'VM_global_library.vm'
2012-12-09 13:38:24,004 - Velocimacro :  VM library template macro registration complete.
2012-12-09 13:38:24,004 - Velocimacro : allowInline = true : VMs can be defined inline in templates
2012-12-09 13:38:24,004 - Velocimacro : allowInlineToOverride = false : VMs defined inline may NOT replace previous VM definitions
2012-12-09 13:38:24,004 - Velocimacro : allowInlineLocal = false : VMs defined inline will be  global in scope if allowed.
2012-12-09 13:38:24,004 - Velocimacro : messages on  : VM system will output logging messages
2012-12-09 13:38:24,005 - Velocimacro : autoload off  : VM system will not automatically reload global library macros
2012-12-09 13:38:24,005 - Velocimacro : initialization complete.
2012-12-09 13:38:24,005 - Velocity successfully started.
